[2015-11-28 18:14:02] myapp.INFO: Matched route "GET_produtos_". {"route_parameters":{"_controller":"[object] (Closure: {})","_route":"GET_produtos_"},"request_uri":"http://localhost:8080/produtos/"} []
[2015-11-28 18:14:02] myapp.INFO: > GET /produtos/ [] []
[2015-11-28 18:14:02] myapp.CRITICAL: Twig_Error_Loader: Template "../Layouts/master.twig" is not defined in "/Produtos/index.twig" at line 1. (uncaught exception) at /home/optimus-prime/Projects/estrutura_padrao_php/vendor/twig/twig/lib/Twig/Loader/Chain.php line 115 {"exception":"[object] (Twig_Error_Loader(code: 0): Template \"../Layouts/master.twig\" is not defined in \"/Produtos/index.twig\" at line 1. at /home/optimus-prime/Projects/estrutura_padrao_php/vendor/twig/twig/lib/Twig/Loader/Chain.php:115)"} []
[2015-11-28 18:14:02] myapp.INFO: < 500 [] []
[2015-11-28 18:17:19] myapp.INFO: Matched route "GET_produtos_". {"route_parameters":{"_controller":"[object] (Closure: {})","_route":"GET_produtos_"},"request_uri":"http://localhost:8080/produtos/"} []
[2015-11-28 18:17:19] myapp.INFO: > GET /produtos/ [] []
[2015-11-28 18:17:19] myapp.CRITICAL: Twig_Error_Loader: Template "master.twig" is not defined in "/Produtos/index.twig" at line 1. (uncaught exception) at /home/optimus-prime/Projects/estrutura_padrao_php/vendor/twig/twig/lib/Twig/Loader/Chain.php line 115 {"exception":"[object] (Twig_Error_Loader(code: 0): Template \"master.twig\" is not defined in \"/Produtos/index.twig\" at line 1. at /home/optimus-prime/Projects/estrutura_padrao_php/vendor/twig/twig/lib/Twig/Loader/Chain.php:115)"} []
[2015-11-28 18:17:19] myapp.INFO: < 500 [] []
[2015-11-28 18:23:27] myapp.INFO: Matched route "GET_produtos_". {"route_parameters":{"_controller":"[object] (Closure: {})","_route":"GET_produtos_"},"request_uri":"http://localhost:8080/produtos/"} []
[2015-11-28 18:23:27] myapp.INFO: > GET /produtos/ [] []
[2015-11-28 18:23:27] myapp.INFO: < 200 [] []
[2015-11-28 18:25:40] myapp.INFO: Matched route "GET_produtos_". {"route_parameters":{"_controller":"[object] (Closure: {})","_route":"GET_produtos_"},"request_uri":"http://localhost:8080/produtos/"} []
[2015-11-28 18:25:40] myapp.INFO: > GET /produtos/ [] []
[2015-11-28 18:25:40] myapp.INFO: < 200 [] []
[2015-11-28 18:28:06] myapp.INFO: Matched route "GET_produtos_id". {"route_parameters":{"_controller":"[object] (Closure: {})","id":"1243","_route":"GET_produtos_id"},"request_uri":"http://localhost:8080/produtos/1243"} []
[2015-11-28 18:28:06] myapp.INFO: > GET /produtos/1243 [] []
[2015-11-28 18:28:06] myapp.INFO: < 200 [] []
[2015-11-28 18:28:13] myapp.INFO: Matched route "n/a". {"route_parameters":{"_controller":"[object] (Closure: {})","_route":null,"url":"/produtos/"},"request_uri":"http://localhost:8080/produtos"} []
[2015-11-28 18:28:13] myapp.INFO: > GET /produtos [] []
[2015-11-28 18:28:13] myapp.INFO: < 301 /produtos/ [] []
[2015-11-28 18:28:13] myapp.INFO: Matched route "GET_produtos_". {"route_parameters":{"_controller":"[object] (Closure: {})","_route":"GET_produtos_"},"request_uri":"http://localhost:8080/produtos/"} []
[2015-11-28 18:28:13] myapp.INFO: > GET /produtos/ [] []
[2015-11-28 18:28:13] myapp.INFO: < 200 [] []
